<?xml version="1.0" encoding="UTF-8"?>
<testsuite xmlns:xsi="http://www.w3.org/2001/XMLSchema-instance" xsi:noNamespaceSchemaLocation="https://maven.apache.org/surefire/maven-surefire-plugin/xsd/surefire-test-report-3.0.xsd" version="3.0" name="TestSuite" time="143.012" tests="4" errors="0" skipped="2" failures="2">
  <properties>
[...]
</properties>
  <testcase name="setup[chrome](0)" classname="pack1.CrossBrowser" time="78.644">
    <failure message="chrome not reachable&#10;Build info: version: &apos;3.141.59&apos;, revision: &apos;e82be7d358&apos;, time: &apos;2018-11-14T08:17:03&apos;&#10;System info: host: &apos;DESKTOP-Q710H6J&apos;, ip: &apos;192.168.43.109&apos;, os.name: &apos;Windows 10&apos;, os.arch: &apos;amd64&apos;, os.version: &apos;10.0&apos;, java.version: &apos;17&apos;&#10;Driver info: driver.version: ChromeDriver&#10;remote stacktrace: Backtrace:&#10;	Ordinal0 [0x00FB06F3+2492147]&#10;	Ordinal0 [0x00F49BD1+2071505]&#10;	Ordinal0 [0x00E52340+1057600]&#10;	Ordinal0 [0x00E4739D+1012637]&#10;	Ordinal0 [0x00E6FF64+1179492]&#10;	Ordinal0 [0x00E6C43B+1164347]&#10;	Ordinal0 [0x00E69C9F+1154207]&#10;	Ordinal0 [0x00E99DFF+1351167]&#10;	Ordinal0 [0x00E99A6A+1350250]&#10;	Ordinal0 [0x00E9568B+1332875]&#10;	Ordinal0 [0x00E721D4+1188308]&#10;	Ordinal0 [0x00E7302F+1191983]&#10;	GetHandleVerifier [0x011367A6+1545030]&#10;	GetHandleVerifier [0x011E105C+2243580]&#10;	GetHandleVerifier [0x0103BC97+518199]&#10;	GetHandleVerifier [0x0103AD80+514336]&#10;	Ordinal0 [0x00F4ED2D+2092333]&#10;	Ordinal0 [0x00F52EE8+2109160]&#10;	Ordinal0 [0x00F53022+2109474]&#10;	Ordinal0 [0x00F5CB71+2149233]&#10;	BaseThreadInitThunk [0x770B6359+25]&#10;	RtlGetAppContainerNamedObjectPath [0x771F7B74+228]&#10;	RtlGetAppContainerNamedObjectPath [0x771F7B44+180]&#10;" type="org.openqa.selenium.WebDriverException"><![CDATA[org.openqa.selenium.WebDriverException: 
chrome not reachable
Build info: version: '3.141.59', revision: 'e82be7d358', time: '2018-11-14T08:17:03'
System info: host: 'DESKTOP-Q710H6J', ip: '192.168.43.109', os.name: 'Windows 10', os.arch: 'amd64', os.version: '10.0', java.version: '17'
Driver info: driver.version: ChromeDriver
remote stacktrace: Backtrace:
	Ordinal0 [0x00FB06F3+2492147]
	Ordinal0 [0x00F49BD1+2071505]
	Ordinal0 [0x00E52340+1057600]
	Ordinal0 [0x00E4739D+1012637]
	Ordinal0 [0x00E6FF64+1179492]
	Ordinal0 [0x00E6C43B+1164347]
	Ordinal0 [0x00E69C9F+1154207]
	Ordinal0 [0x00E99DFF+1351167]
	Ordinal0 [0x00E99A6A+1350250]
	Ordinal0 [0x00E9568B+1332875]
	Ordinal0 [0x00E721D4+1188308]
	Ordinal0 [0x00E7302F+1191983]
	GetHandleVerifier [0x011367A6+1545030]
	GetHandleVerifier [0x011E105C+2243580]
	GetHandleVerifier [0x0103BC97+518199]
	GetHandleVerifier [0x0103AD80+514336]
	Ordinal0 [0x00F4ED2D+2092333]
	Ordinal0 [0x00F52EE8+2109160]
	Ordinal0 [0x00F53022+2109474]
	Ordinal0 [0x00F5CB71+2149233]
	BaseThreadInitThunk [0x770B6359+25]
	RtlGetAppContainerNamedObjectPath [0x771F7B74+228]
	RtlGetAppContainerNamedObjectPath [0x771F7B44+180]

	at pack1.CrossBrowser.setup(CrossBrowser.java:24)
]]></failure>
    <system-err><![CDATA[1636679163167	geckodriver	INFO	Listening on 127.0.0.1:5787
Starting ChromeDriver 95.0.4638.54 (d31a821ec901f68d0d34ccdbaea45b4c86ce543e-refs/branch-heads/4638@{#871}) on port 8504
Only local connections are allowed.
Please see https://chromedriver.chromium.org/security-considerations for suggestions on keeping ChromeDriver safe.
ChromeDriver was started successfully.
1636679164921	mozrunner::runner	INFO	Running command: "C:\\Program Files\\Mozilla Firefox\\firefox.exe" "--marionette" "-no-remote" "-profile" "C:\\Users\\DHILIP\\AppData\\Local\\Temp\\rust_mozprofileQlvnB4"
1636679194477	Marionette	INFO	Marionette enabled
[GFX1-]: Killing GPU process due to IPC reply timeout
[GFX1-]: Fallback WR to SW-WR + D3D11
[GFX1-]: Failed to create remote compositor
[Parent 9632, Main Thread] WARNING: base::KillProcess refusing to terminate process handle 0: file /builds/worker/checkouts/gecko/ipc/chromium/src/base/process_util_win.cc:402
[GFX1-]: [D3D11] failed to get compositor device.
[GFX1-]: Failed to initialize CompositorD3D11 for SWGL: FEATURE_FAILURE_D3D11_NO_DEVICE
]]></system-err>
  </testcase>
  <testcase name="demo" classname="pack1.CrossBrowser" time="0">
    <skipped message="chrome not reachable&#10;Build info: version: &apos;3.141.59&apos;, revision: &apos;e82be7d358&apos;, time: &apos;2018-11-14T08:17:03&apos;&#10;System info: host: &apos;DESKTOP-Q710H6J&apos;, ip: &apos;192.168.43.109&apos;, os.name: &apos;Windows 10&apos;, os.arch: &apos;amd64&apos;, os.version: &apos;10.0&apos;, java.version: &apos;17&apos;&#10;Driver info: driver.version: ChromeDriver&#10;remote stacktrace: Backtrace:&#10;	Ordinal0 [0x00FB06F3+2492147]&#10;	Ordinal0 [0x00F49BD1+2071505]&#10;	Ordinal0 [0x00E52340+1057600]&#10;	Ordinal0 [0x00E4739D+1012637]&#10;	Ordinal0 [0x00E6FF64+1179492]&#10;	Ordinal0 [0x00E6C43B+1164347]&#10;	Ordinal0 [0x00E69C9F+1154207]&#10;	Ordinal0 [0x00E99DFF+1351167]&#10;	Ordinal0 [0x00E99A6A+1350250]&#10;	Ordinal0 [0x00E9568B+1332875]&#10;	Ordinal0 [0x00E721D4+1188308]&#10;	Ordinal0 [0x00E7302F+1191983]&#10;	GetHandleVerifier [0x011367A6+1545030]&#10;	GetHandleVerifier [0x011E105C+2243580]&#10;	GetHandleVerifier [0x0103BC97+518199]&#10;	GetHandleVerifier [0x0103AD80+514336]&#10;	Ordinal0 [0x00F4ED2D+2092333]&#10;	Ordinal0 [0x00F52EE8+2109160]&#10;	Ordinal0 [0x00F53022+2109474]&#10;	Ordinal0 [0x00F5CB71+2149233]&#10;	BaseThreadInitThunk [0x770B6359+25]&#10;	RtlGetAppContainerNamedObjectPath [0x771F7B74+228]&#10;	RtlGetAppContainerNamedObjectPath [0x771F7B44+180]&#10;"/>
  </testcase>
  <testcase name="demo" classname="pack1.CrossBrowser" time="0">
    <skipped message="No connection could be made because the target machine actively refused it. (os error 10061)&#10;Build info: version: &apos;3.141.59&apos;, revision: &apos;e82be7d358&apos;, time: &apos;2018-11-14T08:17:03&apos;&#10;System info: host: &apos;DESKTOP-Q710H6J&apos;, ip: &apos;192.168.43.109&apos;, os.name: &apos;Windows 10&apos;, os.arch: &apos;amd64&apos;, os.version: &apos;10.0&apos;, java.version: &apos;17&apos;&#10;Driver info: driver.version: FirefoxDriver&#10;remote stacktrace: "/>
  </testcase>
  <testcase name="setup[firefox](0)" classname="pack1.CrossBrowser" time="62.415">
    <failure message="No connection could be made because the target machine actively refused it. (os error 10061)&#10;Build info: version: &apos;3.141.59&apos;, revision: &apos;e82be7d358&apos;, time: &apos;2018-11-14T08:17:03&apos;&#10;System info: host: &apos;DESKTOP-Q710H6J&apos;, ip: &apos;192.168.43.109&apos;, os.name: &apos;Windows 10&apos;, os.arch: &apos;amd64&apos;, os.version: &apos;10.0&apos;, java.version: &apos;17&apos;&#10;Driver info: driver.version: FirefoxDriver&#10;remote stacktrace: " type="org.openqa.selenium.TimeoutException"><![CDATA[org.openqa.selenium.TimeoutException: 
No connection could be made because the target machine actively refused it. (os error 10061)
Build info: version: '3.141.59', revision: 'e82be7d358', time: '2018-11-14T08:17:03'
System info: host: 'DESKTOP-Q710H6J', ip: '192.168.43.109', os.name: 'Windows 10', os.arch: 'amd64', os.version: '10.0', java.version: '17'
Driver info: driver.version: FirefoxDriver
remote stacktrace: 
	at pack1.CrossBrowser.setup(CrossBrowser.java:19)
]]></failure>
    <system-err><![CDATA[[GFX1-]: Receive IPC close with reason=AbnormalShutdown
console.warn: SearchSettings: "get: No settings file exists, new profile?" (new NotFoundError("Could not open the file at C:\\Users\\DHILIP\\AppData\\Local\\Temp\\rust_mozprofileQlvnB4\\search.json.mozlz4", (void 0)))
[GFX1-]: [D3D11] failed to get compositor device.
[GFX1-]: Failed to initialize CompositorD3D11 for SWGL: FEATURE_FAILURE_D3D11_NO_DEVICE
JavaScript error: , line 0: NS_ERROR_FAILURE
1636679264687	Marionette	INFO	Listening on port 49500
]]></system-err>
  </testcase>
</testsuite>